{"src/controllers/GradesController.js":{"path":"src/controllers/GradesController.js","s":{"1":1,"2":1,"3":1,"4":1,"5":2,"6":2,"7":1,"8":2,"9":2,"10":1},"b":{},"f":{"1":1,"2":2,"3":2},"fnMap":{"1":{"name":"(anonymous_1)","line":17,"loc":{"start":{"line":17,"column":23},"end":{"line":17,"column":35}}},"2":{"name":"(anonymous_2)","line":25,"loc":{"start":{"line":25,"column":28},"end":{"line":25,"column":50}}},"3":{"name":"(anonymous_3)","line":35,"loc":{"start":{"line":35,"column":25},"end":{"line":35,"column":47}}}},"statementMap":{"1":{"start":{"line":14,"column":0},"end":{"line":14,"column":47}},"2":{"start":{"line":15,"column":0},"end":{"line":15,"column":56}},"3":{"start":{"line":17,"column":0},"end":{"line":39,"column":2}},"4":{"start":{"line":25,"column":4},"end":{"line":28,"column":6}},"5":{"start":{"line":26,"column":8},"end":{"line":26,"column":71}},"6":{"start":{"line":27,"column":8},"end":{"line":27,"column":48}},"7":{"start":{"line":35,"column":4},"end":{"line":38,"column":6}},"8":{"start":{"line":36,"column":8},"end":{"line":36,"column":71}},"9":{"start":{"line":37,"column":8},"end":{"line":37,"column":45}},"10":{"start":{"line":41,"column":0},"end":{"line":41,"column":40}}},"branchMap":{}},"src/dao/GradesDao.js":{"path":"src/dao/GradesDao.js","s":{"1":2,"2":2,"3":2,"4":2,"5":2,"6":1,"7":2,"8":1,"9":2},"b":{},"f":{"1":2,"2":1,"3":1},"fnMap":{"1":{"name":"(anonymous_1)","line":20,"loc":{"start":{"line":20,"column":16},"end":{"line":20,"column":28}}},"2":{"name":"(anonymous_2)","line":29,"loc":{"start":{"line":29,"column":28},"end":{"line":29,"column":49}}},"3":{"name":"(anonymous_3)","line":43,"loc":{"start":{"line":43,"column":25},"end":{"line":43,"column":46}}}},"statementMap":{"1":{"start":{"line":11,"column":0},"end":{"line":11,"column":39}},"2":{"start":{"line":12,"column":0},"end":{"line":12,"column":41}},"3":{"start":{"line":13,"column":0},"end":{"line":13,"column":42}},"4":{"start":{"line":20,"column":0},"end":{"line":50,"column":2}},"5":{"start":{"line":29,"column":4},"end":{"line":35,"column":6}},"6":{"start":{"line":30,"column":8},"end":{"line":34,"column":10}},"7":{"start":{"line":43,"column":4},"end":{"line":49,"column":6}},"8":{"start":{"line":44,"column":8},"end":{"line":48,"column":10}},"9":{"start":{"line":52,"column":0},"end":{"line":52,"column":33}}},"branchMap":{}},"src/DBConnection.js":{"path":"src/DBConnection.js","s":{"1":1,"2":1,"3":1,"4":1,"5":0,"6":0,"7":0,"8":0,"9":1},"b":{"1":[1,0]},"f":{"1":1},"fnMap":{"1":{"name":"(anonymous_1)","line":11,"loc":{"start":{"line":11,"column":19},"end":{"line":11,"column":31}}}},"statementMap":{"1":{"start":{"line":9,"column":0},"end":{"line":9,"column":29}},"2":{"start":{"line":11,"column":0},"end":{"line":29,"column":2}},"3":{"start":{"line":14,"column":4},"end":{"line":16,"column":5}},"4":{"start":{"line":15,"column":8},"end":{"line":15,"column":25}},"5":{"start":{"line":18,"column":4},"end":{"line":18,"column":19}},"6":{"start":{"line":20,"column":4},"end":{"line":25,"column":7}},"7":{"start":{"line":26,"column":4},"end":{"line":26,"column":25}},"8":{"start":{"line":28,"column":4},"end":{"line":28,"column":22}},"9":{"start":{"line":31,"column":0},"end":{"line":31,"column":36}}},"branchMap":{"1":{"line":14,"type":"if","locations":[{"start":{"line":14,"column":4},"end":{"line":14,"column":4}},{"start":{"line":14,"column":4},"end":{"line":14,"column":4}}]}}},"src/Messages.js":{"path":"src/Messages.js","s":{"1":1,"2":1,"3":1,"4":1},"b":{},"f":{"1":1},"fnMap":{"1":{"name":"(anonymous_1)","line":14,"loc":{"start":{"line":14,"column":15},"end":{"line":14,"column":27}}}},"statementMap":{"1":{"start":{"line":14,"column":0},"end":{"line":19,"column":2}},"2":{"start":{"line":17,"column":4},"end":{"line":17,"column":29}},"3":{"start":{"line":18,"column":4},"end":{"line":18,"column":25}},"4":{"start":{"line":21,"column":0},"end":{"line":21,"column":32}}},"branchMap":{}},"src/dao/DaoHelper.js":{"path":"src/dao/DaoHelper.js","s":{"1":2,"2":2,"3":2,"4":2,"5":4,"6":3,"7":2,"8":1,"9":2},"b":{"1":[2,1],"2":[3,2]},"f":{"1":2,"2":4,"3":3},"fnMap":{"1":{"name":"(anonymous_1)","line":21,"loc":{"start":{"line":21,"column":16},"end":{"line":21,"column":28}}},"2":{"name":"(anonymous_2)","line":24,"loc":{"start":{"line":24,"column":24},"end":{"line":24,"column":62}}},"3":{"name":"(anonymous_3)","line":25,"loc":{"start":{"line":25,"column":37},"end":{"line":25,"column":63}}}},"statementMap":{"1":{"start":{"line":9,"column":0},"end":{"line":9,"column":39}},"2":{"start":{"line":10,"column":0},"end":{"line":10,"column":41}},"3":{"start":{"line":21,"column":0},"end":{"line":33,"column":2}},"4":{"start":{"line":24,"column":4},"end":{"line":32,"column":6}},"5":{"start":{"line":25,"column":8},"end":{"line":31,"column":11}},"6":{"start":{"line":26,"column":12},"end":{"line":30,"column":13}},"7":{"start":{"line":27,"column":16},"end":{"line":27,"column":45}},"8":{"start":{"line":29,"column":16},"end":{"line":29,"column":36}},"9":{"start":{"line":35,"column":0},"end":{"line":35,"column":33}}},"branchMap":{"1":{"line":26,"type":"if","locations":[{"start":{"line":26,"column":12},"end":{"line":26,"column":12}},{"start":{"line":26,"column":12},"end":{"line":26,"column":12}}]},"2":{"line":26,"type":"binary-expr","locations":[{"start":{"line":26,"column":16},"end":{"line":26,"column":20}},{"start":{"line":26,"column":24},"end":{"line":26,"column":44}}]}}},"src/controllers/ControllerHelper.js":{"path":"src/controllers/ControllerHelper.js","s":{"1":1,"2":1,"3":1,"4":1,"5":4,"6":2,"7":1},"b":{},"f":{"1":1,"2":4,"3":2},"fnMap":{"1":{"name":"(anonymous_1)","line":21,"loc":{"start":{"line":21,"column":16},"end":{"line":21,"column":28}}},"2":{"name":"(anonymous_2)","line":30,"loc":{"start":{"line":30,"column":33},"end":{"line":30,"column":49}}},"3":{"name":"(anonymous_3)","line":31,"loc":{"start":{"line":31,"column":15},"end":{"line":31,"column":32}}}},"statementMap":{"1":{"start":{"line":9,"column":0},"end":{"line":9,"column":39}},"2":{"start":{"line":10,"column":0},"end":{"line":10,"column":41}},"3":{"start":{"line":21,"column":0},"end":{"line":35,"column":2}},"4":{"start":{"line":30,"column":4},"end":{"line":34,"column":6}},"5":{"start":{"line":31,"column":8},"end":{"line":33,"column":10}},"6":{"start":{"line":32,"column":12},"end":{"line":32,"column":29}},"7":{"start":{"line":37,"column":0},"end":{"line":37,"column":33}}},"branchMap":{}}}