{"src/controllers/CommentsController.js":{"path":"src/controllers/CommentsController.js","s":{"1":1,"2":1,"3":1,"4":1,"5":2,"6":2,"7":2,"8":2,"9":1,"10":4,"11":4,"12":4,"13":4,"14":4,"15":4,"16":1,"17":2,"18":2,"19":2,"20":2,"21":1},"b":{},"f":{"1":1,"2":2,"3":4,"4":2},"fnMap":{"1":{"name":"(anonymous_1)","line":17,"loc":{"start":{"line":17,"column":25},"end":{"line":17,"column":37}}},"2":{"name":"(anonymous_2)","line":20,"loc":{"start":{"line":20,"column":33},"end":{"line":20,"column":55}}},"3":{"name":"(anonymous_3)","line":28,"loc":{"start":{"line":28,"column":25},"end":{"line":28,"column":47}}},"4":{"name":"(anonymous_4)","line":40,"loc":{"start":{"line":40,"column":25},"end":{"line":40,"column":47}}}},"statementMap":{"1":{"start":{"line":14,"column":0},"end":{"line":14,"column":51}},"2":{"start":{"line":15,"column":0},"end":{"line":15,"column":56}},"3":{"start":{"line":17,"column":0},"end":{"line":47,"column":2}},"4":{"start":{"line":20,"column":4},"end":{"line":26,"column":6}},"5":{"start":{"line":21,"column":8},"end":{"line":22,"column":21}},"6":{"start":{"line":23,"column":8},"end":{"line":23,"column":33}},"7":{"start":{"line":24,"column":8},"end":{"line":24,"column":67}},"8":{"start":{"line":25,"column":8},"end":{"line":25,"column":64}},"9":{"start":{"line":28,"column":4},"end":{"line":38,"column":6}},"10":{"start":{"line":29,"column":8},"end":{"line":32,"column":21}},"11":{"start":{"line":33,"column":8},"end":{"line":33,"column":30}},"12":{"start":{"line":34,"column":8},"end":{"line":34,"column":33}},"13":{"start":{"line":35,"column":8},"end":{"line":35,"column":36}},"14":{"start":{"line":36,"column":8},"end":{"line":36,"column":67}},"15":{"start":{"line":37,"column":8},"end":{"line":37,"column":73}},"16":{"start":{"line":40,"column":4},"end":{"line":46,"column":6}},"17":{"start":{"line":41,"column":8},"end":{"line":42,"column":21}},"18":{"start":{"line":43,"column":8},"end":{"line":43,"column":28}},"19":{"start":{"line":44,"column":8},"end":{"line":44,"column":67}},"20":{"start":{"line":45,"column":8},"end":{"line":45,"column":51}},"21":{"start":{"line":49,"column":0},"end":{"line":49,"column":42}}},"branchMap":{}},"src/dao/CommentsDao.js":{"path":"src/dao/CommentsDao.js","s":{"1":2,"2":2,"3":2,"4":2,"5":2,"6":2,"7":2,"8":1,"9":2,"10":2,"11":2},"b":{},"f":{"1":2,"2":2,"3":1,"4":2},"fnMap":{"1":{"name":"(anonymous_1)","line":15,"loc":{"start":{"line":15,"column":18},"end":{"line":15,"column":30}}},"2":{"name":"(anonymous_2)","line":18,"loc":{"start":{"line":18,"column":33},"end":{"line":18,"column":64}}},"3":{"name":"(anonymous_3)","line":27,"loc":{"start":{"line":27,"column":25},"end":{"line":27,"column":75}}},"4":{"name":"(anonymous_4)","line":35,"loc":{"start":{"line":35,"column":25},"end":{"line":35,"column":51}}}},"statementMap":{"1":{"start":{"line":11,"column":0},"end":{"line":11,"column":39}},"2":{"start":{"line":12,"column":0},"end":{"line":12,"column":41}},"3":{"start":{"line":13,"column":0},"end":{"line":13,"column":42}},"4":{"start":{"line":15,"column":0},"end":{"line":42,"column":2}},"5":{"start":{"line":18,"column":4},"end":{"line":25,"column":6}},"6":{"start":{"line":19,"column":8},"end":{"line":24,"column":10}},"7":{"start":{"line":27,"column":4},"end":{"line":33,"column":6}},"8":{"start":{"line":28,"column":8},"end":{"line":32,"column":10}},"9":{"start":{"line":35,"column":4},"end":{"line":41,"column":6}},"10":{"start":{"line":36,"column":8},"end":{"line":40,"column":10}},"11":{"start":{"line":44,"column":0},"end":{"line":44,"column":35}}},"branchMap":{}},"src/DBConnection.js":{"path":"src/DBConnection.js","s":{"1":1,"2":1,"3":1,"4":1,"5":0,"6":0,"7":0,"8":0,"9":1},"b":{"1":[1,0]},"f":{"1":1},"fnMap":{"1":{"name":"(anonymous_1)","line":11,"loc":{"start":{"line":11,"column":19},"end":{"line":11,"column":31}}}},"statementMap":{"1":{"start":{"line":9,"column":0},"end":{"line":9,"column":29}},"2":{"start":{"line":11,"column":0},"end":{"line":29,"column":2}},"3":{"start":{"line":14,"column":4},"end":{"line":16,"column":5}},"4":{"start":{"line":15,"column":8},"end":{"line":15,"column":25}},"5":{"start":{"line":18,"column":4},"end":{"line":18,"column":19}},"6":{"start":{"line":20,"column":4},"end":{"line":25,"column":7}},"7":{"start":{"line":26,"column":4},"end":{"line":26,"column":25}},"8":{"start":{"line":28,"column":4},"end":{"line":28,"column":22}},"9":{"start":{"line":31,"column":0},"end":{"line":31,"column":36}}},"branchMap":{"1":{"line":14,"type":"if","locations":[{"start":{"line":14,"column":4},"end":{"line":14,"column":4}},{"start":{"line":14,"column":4},"end":{"line":14,"column":4}}]}}},"src/Messages.js":{"path":"src/Messages.js","s":{"1":1,"2":1,"3":3,"4":1,"5":1,"6":1},"b":{},"f":{"1":1,"2":3},"fnMap":{"1":{"name":"(anonymous_1)","line":14,"loc":{"start":{"line":14,"column":15},"end":{"line":14,"column":27}}},"2":{"name":"(anonymous_2)","line":18,"loc":{"start":{"line":18,"column":17},"end":{"line":18,"column":37}}}},"statementMap":{"1":{"start":{"line":14,"column":0},"end":{"line":26,"column":2}},"2":{"start":{"line":18,"column":4},"end":{"line":22,"column":6}},"3":{"start":{"line":19,"column":8},"end":{"line":21,"column":10}},"4":{"start":{"line":24,"column":4},"end":{"line":24,"column":22}},"5":{"start":{"line":25,"column":4},"end":{"line":25,"column":45}},"6":{"start":{"line":28,"column":0},"end":{"line":28,"column":32}}},"branchMap":{}},"src/dao/DaoHelper.js":{"path":"src/dao/DaoHelper.js","s":{"1":2,"2":2,"3":2,"4":2,"5":2,"6":2,"7":2,"8":2,"9":2,"10":2,"11":4,"12":3,"13":1,"14":2,"15":0,"16":2,"17":0,"18":2,"19":1,"20":1,"21":0,"22":1,"23":2},"b":{"1":[1,2],"2":[0,2],"3":[0,2],"4":[1,1],"5":[1,0]},"f":{"1":2,"2":4,"3":3},"fnMap":{"1":{"name":"(anonymous_1)","line":21,"loc":{"start":{"line":21,"column":16},"end":{"line":21,"column":28}}},"2":{"name":"(anonymous_2)","line":31,"loc":{"start":{"line":31,"column":24},"end":{"line":31,"column":69}}},"3":{"name":"(anonymous_3)","line":32,"loc":{"start":{"line":32,"column":37},"end":{"line":32,"column":63}}}},"statementMap":{"1":{"start":{"line":9,"column":0},"end":{"line":9,"column":39}},"2":{"start":{"line":10,"column":0},"end":{"line":10,"column":41}},"3":{"start":{"line":21,"column":0},"end":{"line":52,"column":2}},"4":{"start":{"line":24,"column":4},"end":{"line":24,"column":20}},"5":{"start":{"line":25,"column":4},"end":{"line":25,"column":20}},"6":{"start":{"line":26,"column":4},"end":{"line":26,"column":20}},"7":{"start":{"line":27,"column":4},"end":{"line":27,"column":22}},"8":{"start":{"line":28,"column":4},"end":{"line":28,"column":20}},"9":{"start":{"line":29,"column":4},"end":{"line":29,"column":20}},"10":{"start":{"line":31,"column":4},"end":{"line":51,"column":6}},"11":{"start":{"line":32,"column":8},"end":{"line":50,"column":11}},"12":{"start":{"line":33,"column":12},"end":{"line":49,"column":13}},"13":{"start":{"line":34,"column":16},"end":{"line":34,"column":45}},"14":{"start":{"line":35,"column":19},"end":{"line":49,"column":13}},"15":{"start":{"line":36,"column":16},"end":{"line":36,"column":78}},"16":{"start":{"line":38,"column":16},"end":{"line":48,"column":17}},"17":{"start":{"line":39,"column":20},"end":{"line":39,"column":55}},"18":{"start":{"line":40,"column":23},"end":{"line":48,"column":17}},"19":{"start":{"line":41,"column":20},"end":{"line":45,"column":21}},"20":{"start":{"line":42,"column":24},"end":{"line":42,"column":93}},"21":{"start":{"line":44,"column":24},"end":{"line":44,"column":47}},"22":{"start":{"line":47,"column":20},"end":{"line":47,"column":40}},"23":{"start":{"line":54,"column":0},"end":{"line":54,"column":33}}},"branchMap":{"1":{"line":33,"type":"if","locations":[{"start":{"line":33,"column":12},"end":{"line":33,"column":12}},{"start":{"line":33,"column":12},"end":{"line":33,"column":12}}]},"2":{"line":35,"type":"if","locations":[{"start":{"line":35,"column":19},"end":{"line":35,"column":19}},{"start":{"line":35,"column":19},"end":{"line":35,"column":19}}]},"3":{"line":38,"type":"if","locations":[{"start":{"line":38,"column":16},"end":{"line":38,"column":16}},{"start":{"line":38,"column":16},"end":{"line":38,"column":16}}]},"4":{"line":40,"type":"if","locations":[{"start":{"line":40,"column":23},"end":{"line":40,"column":23}},{"start":{"line":40,"column":23},"end":{"line":40,"column":23}}]},"5":{"line":41,"type":"if","locations":[{"start":{"line":41,"column":20},"end":{"line":41,"column":20}},{"start":{"line":41,"column":20},"end":{"line":41,"column":20}}]}}},"src/controllers/ControllerHelper.js":{"path":"src/controllers/ControllerHelper.js","s":{"1":1,"2":1,"3":1,"4":1,"5":106,"6":39,"7":1},"b":{},"f":{"1":1,"2":106,"3":39},"fnMap":{"1":{"name":"(anonymous_1)","line":21,"loc":{"start":{"line":21,"column":16},"end":{"line":21,"column":28}}},"2":{"name":"(anonymous_2)","line":30,"loc":{"start":{"line":30,"column":33},"end":{"line":30,"column":49}}},"3":{"name":"(anonymous_3)","line":31,"loc":{"start":{"line":31,"column":15},"end":{"line":31,"column":32}}}},"statementMap":{"1":{"start":{"line":9,"column":0},"end":{"line":9,"column":39}},"2":{"start":{"line":10,"column":0},"end":{"line":10,"column":41}},"3":{"start":{"line":21,"column":0},"end":{"line":35,"column":2}},"4":{"start":{"line":30,"column":4},"end":{"line":34,"column":6}},"5":{"start":{"line":31,"column":8},"end":{"line":33,"column":10}},"6":{"start":{"line":32,"column":12},"end":{"line":32,"column":29}},"7":{"start":{"line":37,"column":0},"end":{"line":37,"column":33}}},"branchMap":{}},"src/controllers/GradesController.js":{"path":"src/controllers/GradesController.js","s":{"1":1,"2":1,"3":1,"4":1,"5":2,"6":2,"7":1,"8":2,"9":2,"10":1},"b":{},"f":{"1":1,"2":2,"3":2},"fnMap":{"1":{"name":"(anonymous_1)","line":17,"loc":{"start":{"line":17,"column":23},"end":{"line":17,"column":35}}},"2":{"name":"(anonymous_2)","line":25,"loc":{"start":{"line":25,"column":28},"end":{"line":25,"column":50}}},"3":{"name":"(anonymous_3)","line":35,"loc":{"start":{"line":35,"column":25},"end":{"line":35,"column":47}}}},"statementMap":{"1":{"start":{"line":14,"column":0},"end":{"line":14,"column":47}},"2":{"start":{"line":15,"column":0},"end":{"line":15,"column":56}},"3":{"start":{"line":17,"column":0},"end":{"line":39,"column":2}},"4":{"start":{"line":25,"column":4},"end":{"line":28,"column":6}},"5":{"start":{"line":26,"column":8},"end":{"line":26,"column":71}},"6":{"start":{"line":27,"column":8},"end":{"line":27,"column":48}},"7":{"start":{"line":35,"column":4},"end":{"line":38,"column":6}},"8":{"start":{"line":36,"column":8},"end":{"line":36,"column":71}},"9":{"start":{"line":37,"column":8},"end":{"line":37,"column":45}},"10":{"start":{"line":41,"column":0},"end":{"line":41,"column":40}}},"branchMap":{}},"src/dao/GradesDao.js":{"path":"src/dao/GradesDao.js","s":{"1":2,"2":2,"3":2,"4":2,"5":2,"6":1,"7":2,"8":1,"9":2},"b":{},"f":{"1":2,"2":1,"3":1},"fnMap":{"1":{"name":"(anonymous_1)","line":20,"loc":{"start":{"line":20,"column":16},"end":{"line":20,"column":28}}},"2":{"name":"(anonymous_2)","line":29,"loc":{"start":{"line":29,"column":28},"end":{"line":29,"column":49}}},"3":{"name":"(anonymous_3)","line":43,"loc":{"start":{"line":43,"column":25},"end":{"line":43,"column":46}}}},"statementMap":{"1":{"start":{"line":11,"column":0},"end":{"line":11,"column":39}},"2":{"start":{"line":12,"column":0},"end":{"line":12,"column":41}},"3":{"start":{"line":13,"column":0},"end":{"line":13,"column":42}},"4":{"start":{"line":20,"column":0},"end":{"line":50,"column":2}},"5":{"start":{"line":29,"column":4},"end":{"line":35,"column":6}},"6":{"start":{"line":30,"column":8},"end":{"line":34,"column":10}},"7":{"start":{"line":43,"column":4},"end":{"line":49,"column":6}},"8":{"start":{"line":44,"column":8},"end":{"line":48,"column":10}},"9":{"start":{"line":52,"column":0},"end":{"line":52,"column":33}}},"branchMap":{}},"src/controllers/GymsController.js":{"path":"src/controllers/GymsController.js","s":{"1":1,"2":1,"3":1,"4":1,"5":2,"6":2,"7":2,"8":2,"9":1,"10":2,"11":2,"12":1,"13":3,"14":3,"15":3,"16":3,"17":3,"18":1,"19":4,"20":4,"21":4,"22":4,"23":4,"24":4,"25":1,"26":2,"27":2,"28":2,"29":2,"30":1},"b":{},"f":{"1":1,"2":2,"3":2,"4":3,"5":4,"6":2},"fnMap":{"1":{"name":"(anonymous_1)","line":17,"loc":{"start":{"line":17,"column":21},"end":{"line":17,"column":33}}},"2":{"name":"(anonymous_2)","line":20,"loc":{"start":{"line":20,"column":18},"end":{"line":20,"column":40}}},"3":{"name":"(anonymous_3)","line":28,"loc":{"start":{"line":28,"column":19},"end":{"line":28,"column":41}}},"4":{"name":"(anonymous_4)","line":33,"loc":{"start":{"line":33,"column":21},"end":{"line":33,"column":43}}},"5":{"name":"(anonymous_5)","line":43,"loc":{"start":{"line":43,"column":21},"end":{"line":43,"column":43}}},"6":{"name":"(anonymous_6)","line":55,"loc":{"start":{"line":55,"column":21},"end":{"line":55,"column":43}}}},"statementMap":{"1":{"start":{"line":14,"column":0},"end":{"line":14,"column":45}},"2":{"start":{"line":15,"column":0},"end":{"line":15,"column":56}},"3":{"start":{"line":17,"column":0},"end":{"line":62,"column":2}},"4":{"start":{"line":20,"column":4},"end":{"line":26,"column":6}},"5":{"start":{"line":21,"column":8},"end":{"line":22,"column":21}},"6":{"start":{"line":23,"column":8},"end":{"line":23,"column":31}},"7":{"start":{"line":24,"column":8},"end":{"line":24,"column":67}},"8":{"start":{"line":25,"column":8},"end":{"line":25,"column":43}},"9":{"start":{"line":28,"column":4},"end":{"line":31,"column":6}},"10":{"start":{"line":29,"column":8},"end":{"line":29,"column":71}},"11":{"start":{"line":30,"column":8},"end":{"line":30,"column":37}},"12":{"start":{"line":33,"column":4},"end":{"line":41,"column":6}},"13":{"start":{"line":34,"column":8},"end":{"line":36,"column":21}},"14":{"start":{"line":37,"column":8},"end":{"line":37,"column":30}},"15":{"start":{"line":38,"column":8},"end":{"line":38,"column":36}},"16":{"start":{"line":39,"column":8},"end":{"line":39,"column":67}},"17":{"start":{"line":40,"column":8},"end":{"line":40,"column":54}},"18":{"start":{"line":43,"column":4},"end":{"line":53,"column":6}},"19":{"start":{"line":44,"column":8},"end":{"line":47,"column":21}},"20":{"start":{"line":48,"column":8},"end":{"line":48,"column":28}},"21":{"start":{"line":49,"column":8},"end":{"line":49,"column":30}},"22":{"start":{"line":50,"column":8},"end":{"line":50,"column":36}},"23":{"start":{"line":51,"column":8},"end":{"line":51,"column":67}},"24":{"start":{"line":52,"column":8},"end":{"line":52,"column":58}},"25":{"start":{"line":55,"column":4},"end":{"line":61,"column":6}},"26":{"start":{"line":56,"column":8},"end":{"line":57,"column":21}},"27":{"start":{"line":58,"column":8},"end":{"line":58,"column":28}},"28":{"start":{"line":59,"column":8},"end":{"line":59,"column":67}},"29":{"start":{"line":60,"column":8},"end":{"line":60,"column":43}},"30":{"start":{"line":64,"column":0},"end":{"line":64,"column":38}}},"branchMap":{}},"src/controllers/RatingsController.js":{"path":"src/controllers/RatingsController.js","s":{"1":1,"2":1,"3":1,"4":1,"5":4,"6":4,"7":4,"8":4,"9":4,"10":4,"11":1},"b":{},"f":{"1":1,"2":4},"fnMap":{"1":{"name":"(anonymous_1)","line":17,"loc":{"start":{"line":17,"column":23},"end":{"line":17,"column":35}}},"2":{"name":"(anonymous_2)","line":20,"loc":{"start":{"line":20,"column":24},"end":{"line":20,"column":46}}}},"statementMap":{"1":{"start":{"line":14,"column":0},"end":{"line":14,"column":49}},"2":{"start":{"line":15,"column":0},"end":{"line":15,"column":56}},"3":{"start":{"line":17,"column":0},"end":{"line":31,"column":2}},"4":{"start":{"line":20,"column":4},"end":{"line":30,"column":6}},"5":{"start":{"line":21,"column":8},"end":{"line":24,"column":21}},"6":{"start":{"line":25,"column":8},"end":{"line":25,"column":30}},"7":{"start":{"line":26,"column":8},"end":{"line":26,"column":33}},"8":{"start":{"line":27,"column":8},"end":{"line":27,"column":32}},"9":{"start":{"line":28,"column":8},"end":{"line":28,"column":67}},"10":{"start":{"line":29,"column":8},"end":{"line":29,"column":69}},"11":{"start":{"line":33,"column":0},"end":{"line":33,"column":40}}},"branchMap":{}},"src/dao/RatingsDao.js":{"path":"src/dao/RatingsDao.js","s":{"1":2,"2":2,"3":2,"4":2,"5":2,"6":2,"7":2},"b":{},"f":{"1":2,"2":2},"fnMap":{"1":{"name":"(anonymous_1)","line":20,"loc":{"start":{"line":20,"column":17},"end":{"line":20,"column":29}}},"2":{"name":"(anonymous_2)","line":23,"loc":{"start":{"line":23,"column":24},"end":{"line":23,"column":72}}}},"statementMap":{"1":{"start":{"line":11,"column":0},"end":{"line":11,"column":39}},"2":{"start":{"line":12,"column":0},"end":{"line":12,"column":41}},"3":{"start":{"line":13,"column":0},"end":{"line":13,"column":42}},"4":{"start":{"line":20,"column":0},"end":{"line":30,"column":2}},"5":{"start":{"line":23,"column":4},"end":{"line":29,"column":6}},"6":{"start":{"line":24,"column":8},"end":{"line":28,"column":10}},"7":{"start":{"line":32,"column":0},"end":{"line":32,"column":34}}},"branchMap":{}},"src/controllers/RoutesController.js":{"path":"src/controllers/RoutesController.js","s":{"1":1,"2":1,"3":1,"4":1,"5":2,"6":2,"7":2,"8":2,"9":1,"10":2,"11":2,"12":2,"13":2,"14":1,"15":6,"16":6,"17":6,"18":6,"19":6,"20":6,"21":6,"22":6,"23":1,"24":7,"25":7,"26":7,"27":7,"28":7,"29":7,"30":7,"31":7,"32":7,"33":1,"34":2,"35":2,"36":2,"37":2,"38":1},"b":{},"f":{"1":1,"2":2,"3":2,"4":6,"5":7,"6":2},"fnMap":{"1":{"name":"(anonymous_1)","line":17,"loc":{"start":{"line":17,"column":23},"end":{"line":17,"column":35}}},"2":{"name":"(anonymous_2)","line":20,"loc":{"start":{"line":20,"column":20},"end":{"line":20,"column":42}}},"3":{"name":"(anonymous_3)","line":28,"loc":{"start":{"line":28,"column":26},"end":{"line":28,"column":48}}},"4":{"name":"(anonymous_4)","line":36,"loc":{"start":{"line":36,"column":23},"end":{"line":36,"column":45}}},"5":{"name":"(anonymous_5)","line":52,"loc":{"start":{"line":52,"column":23},"end":{"line":52,"column":45}}},"6":{"name":"(anonymous_6)","line":70,"loc":{"start":{"line":70,"column":23},"end":{"line":70,"column":45}}}},"statementMap":{"1":{"start":{"line":14,"column":0},"end":{"line":14,"column":47}},"2":{"start":{"line":15,"column":0},"end":{"line":15,"column":56}},"3":{"start":{"line":17,"column":0},"end":{"line":77,"column":2}},"4":{"start":{"line":20,"column":4},"end":{"line":26,"column":6}},"5":{"start":{"line":21,"column":8},"end":{"line":22,"column":21}},"6":{"start":{"line":23,"column":8},"end":{"line":23,"column":28}},"7":{"start":{"line":24,"column":8},"end":{"line":24,"column":67}},"8":{"start":{"line":25,"column":8},"end":{"line":25,"column":44}},"9":{"start":{"line":28,"column":4},"end":{"line":34,"column":6}},"10":{"start":{"line":29,"column":8},"end":{"line":30,"column":21}},"11":{"start":{"line":31,"column":8},"end":{"line":31,"column":28}},"12":{"start":{"line":32,"column":8},"end":{"line":32,"column":67}},"13":{"start":{"line":33,"column":8},"end":{"line":33,"column":50}},"14":{"start":{"line":36,"column":4},"end":{"line":50,"column":6}},"15":{"start":{"line":37,"column":8},"end":{"line":42,"column":21}},"16":{"start":{"line":43,"column":8},"end":{"line":43,"column":33}},"17":{"start":{"line":44,"column":8},"end":{"line":44,"column":30}},"18":{"start":{"line":45,"column":8},"end":{"line":45,"column":37}},"19":{"start":{"line":46,"column":8},"end":{"line":46,"column":39}},"20":{"start":{"line":47,"column":8},"end":{"line":47,"column":37}},"21":{"start":{"line":48,"column":8},"end":{"line":48,"column":67}},"22":{"start":{"line":49,"column":8},"end":{"line":49,"column":84}},"23":{"start":{"line":52,"column":4},"end":{"line":68,"column":6}},"24":{"start":{"line":53,"column":8},"end":{"line":59,"column":20}},"25":{"start":{"line":60,"column":8},"end":{"line":60,"column":33}},"26":{"start":{"line":61,"column":8},"end":{"line":61,"column":33}},"27":{"start":{"line":62,"column":8},"end":{"line":62,"column":30}},"28":{"start":{"line":63,"column":8},"end":{"line":63,"column":37}},"29":{"start":{"line":64,"column":8},"end":{"line":64,"column":39}},"30":{"start":{"line":65,"column":8},"end":{"line":65,"column":37}},"31":{"start":{"line":66,"column":8},"end":{"line":66,"column":67}},"32":{"start":{"line":67,"column":8},"end":{"line":67,"column":93}},"33":{"start":{"line":70,"column":4},"end":{"line":76,"column":6}},"34":{"start":{"line":71,"column":8},"end":{"line":72,"column":21}},"35":{"start":{"line":73,"column":8},"end":{"line":73,"column":28}},"36":{"start":{"line":74,"column":8},"end":{"line":74,"column":67}},"37":{"start":{"line":75,"column":8},"end":{"line":75,"column":47}},"38":{"start":{"line":79,"column":0},"end":{"line":79,"column":40}}},"branchMap":{}},"src/dao/RoutesDao.js":{"path":"src/dao/RoutesDao.js","s":{"1":2,"2":2,"3":2,"4":2,"5":2,"6":2,"7":2,"8":3,"9":2,"10":1,"11":2,"12":2,"13":2,"14":2,"15":2},"b":{},"f":{"1":2,"2":2,"3":3,"4":1,"5":2,"6":2},"fnMap":{"1":{"name":"(anonymous_1)","line":20,"loc":{"start":{"line":20,"column":16},"end":{"line":20,"column":28}}},"2":{"name":"(anonymous_2)","line":23,"loc":{"start":{"line":23,"column":20},"end":{"line":23,"column":46}}},"3":{"name":"(anonymous_3)","line":36,"loc":{"start":{"line":36,"column":26},"end":{"line":36,"column":55}}},"4":{"name":"(anonymous_4)","line":49,"loc":{"start":{"line":49,"column":23},"end":{"line":49,"column":90}}},"5":{"name":"(anonymous_5)","line":58,"loc":{"start":{"line":58,"column":23},"end":{"line":58,"column":95}}},"6":{"name":"(anonymous_6)","line":67,"loc":{"start":{"line":67,"column":23},"end":{"line":67,"column":49}}}},"statementMap":{"1":{"start":{"line":11,"column":0},"end":{"line":11,"column":39}},"2":{"start":{"line":12,"column":0},"end":{"line":12,"column":41}},"3":{"start":{"line":13,"column":0},"end":{"line":13,"column":42}},"4":{"start":{"line":20,"column":0},"end":{"line":75,"column":2}},"5":{"start":{"line":23,"column":4},"end":{"line":34,"column":6}},"6":{"start":{"line":24,"column":8},"end":{"line":33,"column":10}},"7":{"start":{"line":36,"column":4},"end":{"line":47,"column":6}},"8":{"start":{"line":37,"column":8},"end":{"line":46,"column":10}},"9":{"start":{"line":49,"column":4},"end":{"line":56,"column":6}},"10":{"start":{"line":50,"column":8},"end":{"line":55,"column":10}},"11":{"start":{"line":58,"column":4},"end":{"line":65,"column":6}},"12":{"start":{"line":59,"column":8},"end":{"line":64,"column":10}},"13":{"start":{"line":67,"column":4},"end":{"line":74,"column":6}},"14":{"start":{"line":68,"column":8},"end":{"line":73,"column":10}},"15":{"start":{"line":77,"column":0},"end":{"line":77,"column":33}}},"branchMap":{}},"src/controllers/SendsController.js":{"path":"src/controllers/SendsController.js","s":{"1":1,"2":1,"3":1,"4":1,"5":2,"6":2,"7":2,"8":2,"9":1,"10":3,"11":3,"12":3,"13":3,"14":3,"15":1,"16":3,"17":3,"18":3,"19":3,"20":3,"21":1},"b":{},"f":{"1":1,"2":2,"3":3,"4":3},"fnMap":{"1":{"name":"(anonymous_1)","line":17,"loc":{"start":{"line":17,"column":22},"end":{"line":17,"column":34}}},"2":{"name":"(anonymous_2)","line":20,"loc":{"start":{"line":20,"column":28},"end":{"line":20,"column":50}}},"3":{"name":"(anonymous_3)","line":28,"loc":{"start":{"line":28,"column":22},"end":{"line":28,"column":44}}},"4":{"name":"(anonymous_4)","line":38,"loc":{"start":{"line":38,"column":22},"end":{"line":38,"column":44}}}},"statementMap":{"1":{"start":{"line":14,"column":0},"end":{"line":14,"column":45}},"2":{"start":{"line":15,"column":0},"end":{"line":15,"column":56}},"3":{"start":{"line":17,"column":0},"end":{"line":47,"column":2}},"4":{"start":{"line":20,"column":4},"end":{"line":26,"column":6}},"5":{"start":{"line":21,"column":8},"end":{"line":22,"column":21}},"6":{"start":{"line":23,"column":8},"end":{"line":23,"column":33}},"7":{"start":{"line":24,"column":8},"end":{"line":24,"column":67}},"8":{"start":{"line":25,"column":8},"end":{"line":25,"column":56}},"9":{"start":{"line":28,"column":4},"end":{"line":36,"column":6}},"10":{"start":{"line":29,"column":8},"end":{"line":31,"column":21}},"11":{"start":{"line":32,"column":8},"end":{"line":32,"column":30}},"12":{"start":{"line":33,"column":8},"end":{"line":33,"column":33}},"13":{"start":{"line":34,"column":8},"end":{"line":34,"column":67}},"14":{"start":{"line":35,"column":8},"end":{"line":35,"column":58}},"15":{"start":{"line":38,"column":4},"end":{"line":46,"column":6}},"16":{"start":{"line":39,"column":8},"end":{"line":41,"column":21}},"17":{"start":{"line":42,"column":8},"end":{"line":42,"column":30}},"18":{"start":{"line":43,"column":8},"end":{"line":43,"column":33}},"19":{"start":{"line":44,"column":8},"end":{"line":44,"column":67}},"20":{"start":{"line":45,"column":8},"end":{"line":45,"column":58}},"21":{"start":{"line":49,"column":0},"end":{"line":49,"column":39}}},"branchMap":{}},"src/dao/SendsDao.js":{"path":"src/dao/SendsDao.js","s":{"1":2,"2":2,"3":2,"4":2,"5":2,"6":3,"7":2,"8":1,"9":2,"10":2,"11":2,"12":0,"13":2},"b":{},"f":{"1":2,"2":3,"3":1,"4":2,"5":0},"fnMap":{"1":{"name":"(anonymous_1)","line":15,"loc":{"start":{"line":15,"column":15},"end":{"line":15,"column":27}}},"2":{"name":"(anonymous_2)","line":18,"loc":{"start":{"line":18,"column":28},"end":{"line":18,"column":59}}},"3":{"name":"(anonymous_3)","line":27,"loc":{"start":{"line":27,"column":22},"end":{"line":27,"column":62}}},"4":{"name":"(anonymous_4)","line":35,"loc":{"start":{"line":35,"column":22},"end":{"line":35,"column":62}}},"5":{"name":"(anonymous_5)","line":43,"loc":{"start":{"line":43,"column":38},"end":{"line":43,"column":68}}}},"statementMap":{"1":{"start":{"line":11,"column":0},"end":{"line":11,"column":39}},"2":{"start":{"line":12,"column":0},"end":{"line":12,"column":41}},"3":{"start":{"line":13,"column":0},"end":{"line":13,"column":42}},"4":{"start":{"line":15,"column":0},"end":{"line":53,"column":2}},"5":{"start":{"line":18,"column":4},"end":{"line":25,"column":6}},"6":{"start":{"line":19,"column":8},"end":{"line":24,"column":10}},"7":{"start":{"line":27,"column":4},"end":{"line":33,"column":6}},"8":{"start":{"line":28,"column":8},"end":{"line":32,"column":10}},"9":{"start":{"line":35,"column":4},"end":{"line":41,"column":6}},"10":{"start":{"line":36,"column":8},"end":{"line":40,"column":10}},"11":{"start":{"line":43,"column":4},"end":{"line":52,"column":6}},"12":{"start":{"line":44,"column":8},"end":{"line":51,"column":10}},"13":{"start":{"line":55,"column":0},"end":{"line":55,"column":32}}},"branchMap":{}},"src/controllers/SetsController.js":{"path":"src/controllers/SetsController.js","s":{"1":1,"2":1,"3":1,"4":1,"5":2,"6":2,"7":2,"8":2,"9":1,"10":2,"11":2,"12":2,"13":2,"14":1,"15":2,"16":2,"17":2,"18":2,"19":1},"b":{},"f":{"1":1,"2":2,"3":2,"4":2},"fnMap":{"1":{"name":"(anonymous_1)","line":17,"loc":{"start":{"line":17,"column":21},"end":{"line":17,"column":33}}},"2":{"name":"(anonymous_2)","line":20,"loc":{"start":{"line":20,"column":19},"end":{"line":20,"column":41}}},"3":{"name":"(anonymous_3)","line":28,"loc":{"start":{"line":28,"column":21},"end":{"line":28,"column":43}}},"4":{"name":"(anonymous_4)","line":36,"loc":{"start":{"line":36,"column":21},"end":{"line":36,"column":43}}}},"statementMap":{"1":{"start":{"line":14,"column":0},"end":{"line":14,"column":43}},"2":{"start":{"line":15,"column":0},"end":{"line":15,"column":56}},"3":{"start":{"line":17,"column":0},"end":{"line":43,"column":2}},"4":{"start":{"line":20,"column":4},"end":{"line":26,"column":6}},"5":{"start":{"line":21,"column":8},"end":{"line":22,"column":21}},"6":{"start":{"line":23,"column":8},"end":{"line":23,"column":32}},"7":{"start":{"line":24,"column":8},"end":{"line":24,"column":67}},"8":{"start":{"line":25,"column":8},"end":{"line":25,"column":45}},"9":{"start":{"line":28,"column":4},"end":{"line":34,"column":6}},"10":{"start":{"line":29,"column":8},"end":{"line":30,"column":21}},"11":{"start":{"line":31,"column":8},"end":{"line":31,"column":32}},"12":{"start":{"line":32,"column":8},"end":{"line":32,"column":67}},"13":{"start":{"line":33,"column":8},"end":{"line":33,"column":47}},"14":{"start":{"line":36,"column":4},"end":{"line":42,"column":6}},"15":{"start":{"line":37,"column":8},"end":{"line":38,"column":21}},"16":{"start":{"line":39,"column":8},"end":{"line":39,"column":31}},"17":{"start":{"line":40,"column":8},"end":{"line":40,"column":67}},"18":{"start":{"line":41,"column":8},"end":{"line":41,"column":46}},"19":{"start":{"line":45,"column":0},"end":{"line":45,"column":38}}},"branchMap":{}},"src/dao/SetsDao.js":{"path":"src/dao/SetsDao.js","s":{"1":2,"2":2,"3":2,"4":2,"5":2,"6":3,"7":2,"8":1,"9":2,"10":2,"11":2},"b":{},"f":{"1":2,"2":3,"3":1,"4":2},"fnMap":{"1":{"name":"(anonymous_1)","line":20,"loc":{"start":{"line":20,"column":14},"end":{"line":20,"column":26}}},"2":{"name":"(anonymous_2)","line":23,"loc":{"start":{"line":23,"column":19},"end":{"line":23,"column":49}}},"3":{"name":"(anonymous_3)","line":31,"loc":{"start":{"line":31,"column":21},"end":{"line":31,"column":51}}},"4":{"name":"(anonymous_4)","line":39,"loc":{"start":{"line":39,"column":21},"end":{"line":39,"column":47}}}},"statementMap":{"1":{"start":{"line":11,"column":0},"end":{"line":11,"column":39}},"2":{"start":{"line":12,"column":0},"end":{"line":12,"column":41}},"3":{"start":{"line":13,"column":0},"end":{"line":13,"column":42}},"4":{"start":{"line":20,"column":0},"end":{"line":46,"column":2}},"5":{"start":{"line":23,"column":4},"end":{"line":29,"column":6}},"6":{"start":{"line":24,"column":8},"end":{"line":28,"column":10}},"7":{"start":{"line":31,"column":4},"end":{"line":37,"column":6}},"8":{"start":{"line":32,"column":8},"end":{"line":36,"column":10}},"9":{"start":{"line":39,"column":4},"end":{"line":45,"column":6}},"10":{"start":{"line":40,"column":8},"end":{"line":44,"column":10}},"11":{"start":{"line":48,"column":0},"end":{"line":48,"column":31}}},"branchMap":{}},"src/controllers/SettersController.js":{"path":"src/controllers/SettersController.js","s":{"1":1,"2":1,"3":1,"4":1,"5":2,"6":2,"7":2,"8":2,"9":1,"10":2,"11":2,"12":1,"13":3,"14":3,"15":3,"16":3,"17":3,"18":1,"19":4,"20":4,"21":4,"22":4,"23":4,"24":4,"25":1,"26":2,"27":2,"28":2,"29":2,"30":1},"b":{},"f":{"1":1,"2":2,"3":2,"4":3,"5":4,"6":2},"fnMap":{"1":{"name":"(anonymous_1)","line":17,"loc":{"start":{"line":17,"column":24},"end":{"line":17,"column":36}}},"2":{"name":"(anonymous_2)","line":20,"loc":{"start":{"line":20,"column":21},"end":{"line":20,"column":43}}},"3":{"name":"(anonymous_3)","line":28,"loc":{"start":{"line":28,"column":22},"end":{"line":28,"column":44}}},"4":{"name":"(anonymous_4)","line":33,"loc":{"start":{"line":33,"column":24},"end":{"line":33,"column":46}}},"5":{"name":"(anonymous_5)","line":43,"loc":{"start":{"line":43,"column":24},"end":{"line":43,"column":46}}},"6":{"name":"(anonymous_6)","line":55,"loc":{"start":{"line":55,"column":24},"end":{"line":55,"column":46}}}},"statementMap":{"1":{"start":{"line":14,"column":0},"end":{"line":14,"column":49}},"2":{"start":{"line":15,"column":0},"end":{"line":15,"column":56}},"3":{"start":{"line":17,"column":0},"end":{"line":62,"column":2}},"4":{"start":{"line":20,"column":4},"end":{"line":26,"column":6}},"5":{"start":{"line":21,"column":8},"end":{"line":22,"column":21}},"6":{"start":{"line":23,"column":8},"end":{"line":23,"column":28}},"7":{"start":{"line":24,"column":8},"end":{"line":24,"column":67}},"8":{"start":{"line":25,"column":8},"end":{"line":25,"column":46}},"9":{"start":{"line":28,"column":4},"end":{"line":31,"column":6}},"10":{"start":{"line":29,"column":8},"end":{"line":29,"column":71}},"11":{"start":{"line":30,"column":8},"end":{"line":30,"column":43}},"12":{"start":{"line":33,"column":4},"end":{"line":41,"column":6}},"13":{"start":{"line":34,"column":8},"end":{"line":36,"column":21}},"14":{"start":{"line":37,"column":8},"end":{"line":37,"column":40}},"15":{"start":{"line":38,"column":8},"end":{"line":38,"column":38}},"16":{"start":{"line":39,"column":8},"end":{"line":39,"column":67}},"17":{"start":{"line":40,"column":8},"end":{"line":40,"column":66}},"18":{"start":{"line":43,"column":4},"end":{"line":53,"column":6}},"19":{"start":{"line":44,"column":8},"end":{"line":47,"column":21}},"20":{"start":{"line":48,"column":8},"end":{"line":48,"column":28}},"21":{"start":{"line":49,"column":8},"end":{"line":49,"column":40}},"22":{"start":{"line":50,"column":8},"end":{"line":50,"column":38}},"23":{"start":{"line":51,"column":8},"end":{"line":51,"column":67}},"24":{"start":{"line":52,"column":8},"end":{"line":52,"column":70}},"25":{"start":{"line":55,"column":4},"end":{"line":61,"column":6}},"26":{"start":{"line":56,"column":8},"end":{"line":57,"column":21}},"27":{"start":{"line":58,"column":8},"end":{"line":58,"column":28}},"28":{"start":{"line":59,"column":8},"end":{"line":59,"column":67}},"29":{"start":{"line":60,"column":8},"end":{"line":60,"column":49}},"30":{"start":{"line":64,"column":0},"end":{"line":64,"column":41}}},"branchMap":{}},"src/dao/SettersDao.js":{"path":"src/dao/SettersDao.js","s":{"1":2,"2":2,"3":2,"4":2,"5":2,"6":2,"7":2,"8":3,"9":2,"10":1,"11":2,"12":2,"13":2,"14":2,"15":2},"b":{},"f":{"1":2,"2":2,"3":3,"4":1,"5":2,"6":2},"fnMap":{"1":{"name":"(anonymous_1)","line":20,"loc":{"start":{"line":20,"column":17},"end":{"line":20,"column":29}}},"2":{"name":"(anonymous_2)","line":23,"loc":{"start":{"line":23,"column":21},"end":{"line":23,"column":47}}},"3":{"name":"(anonymous_3)","line":31,"loc":{"start":{"line":31,"column":22},"end":{"line":31,"column":43}}},"4":{"name":"(anonymous_4)","line":39,"loc":{"start":{"line":39,"column":24},"end":{"line":39,"column":80}}},"5":{"name":"(anonymous_5)","line":47,"loc":{"start":{"line":47,"column":24},"end":{"line":47,"column":73}}},"6":{"name":"(anonymous_6)","line":55,"loc":{"start":{"line":55,"column":24},"end":{"line":55,"column":50}}}},"statementMap":{"1":{"start":{"line":11,"column":0},"end":{"line":11,"column":39}},"2":{"start":{"line":12,"column":0},"end":{"line":12,"column":41}},"3":{"start":{"line":13,"column":0},"end":{"line":13,"column":42}},"4":{"start":{"line":20,"column":0},"end":{"line":62,"column":2}},"5":{"start":{"line":23,"column":4},"end":{"line":29,"column":6}},"6":{"start":{"line":24,"column":8},"end":{"line":28,"column":10}},"7":{"start":{"line":31,"column":4},"end":{"line":37,"column":6}},"8":{"start":{"line":32,"column":8},"end":{"line":36,"column":10}},"9":{"start":{"line":39,"column":4},"end":{"line":45,"column":6}},"10":{"start":{"line":40,"column":8},"end":{"line":44,"column":10}},"11":{"start":{"line":47,"column":4},"end":{"line":53,"column":6}},"12":{"start":{"line":48,"column":8},"end":{"line":52,"column":10}},"13":{"start":{"line":55,"column":4},"end":{"line":61,"column":6}},"14":{"start":{"line":56,"column":8},"end":{"line":60,"column":10}},"15":{"start":{"line":64,"column":0},"end":{"line":64,"column":34}}},"branchMap":{}},"src/controllers/SettersGymsAccessController.js":{"path":"src/controllers/SettersGymsAccessController.js","s":{"1":1,"2":1,"3":1,"4":1,"5":2,"6":2,"7":2,"8":2,"9":1,"10":3,"11":3,"12":3,"13":3,"14":3,"15":1,"16":3,"17":3,"18":3,"19":3,"20":3,"21":1},"b":{},"f":{"1":1,"2":2,"3":3,"4":3},"fnMap":{"1":{"name":"(anonymous_1)","line":17,"loc":{"start":{"line":17,"column":34},"end":{"line":17,"column":46}}},"2":{"name":"(anonymous_2)","line":20,"loc":{"start":{"line":20,"column":25},"end":{"line":20,"column":47}}},"3":{"name":"(anonymous_3)","line":28,"loc":{"start":{"line":28,"column":24},"end":{"line":28,"column":46}}},"4":{"name":"(anonymous_4)","line":38,"loc":{"start":{"line":38,"column":24},"end":{"line":38,"column":46}}}},"statementMap":{"1":{"start":{"line":14,"column":0},"end":{"line":14,"column":69}},"2":{"start":{"line":15,"column":0},"end":{"line":15,"column":56}},"3":{"start":{"line":17,"column":0},"end":{"line":47,"column":2}},"4":{"start":{"line":20,"column":4},"end":{"line":26,"column":6}},"5":{"start":{"line":21,"column":8},"end":{"line":22,"column":21}},"6":{"start":{"line":23,"column":8},"end":{"line":23,"column":29}},"7":{"start":{"line":24,"column":8},"end":{"line":24,"column":67}},"8":{"start":{"line":25,"column":8},"end":{"line":25,"column":63}},"9":{"start":{"line":28,"column":4},"end":{"line":36,"column":6}},"10":{"start":{"line":29,"column":8},"end":{"line":31,"column":21}},"11":{"start":{"line":32,"column":8},"end":{"line":32,"column":29}},"12":{"start":{"line":33,"column":8},"end":{"line":33,"column":34}},"13":{"start":{"line":34,"column":8},"end":{"line":34,"column":67}},"14":{"start":{"line":35,"column":8},"end":{"line":35,"column":72}},"15":{"start":{"line":38,"column":4},"end":{"line":46,"column":6}},"16":{"start":{"line":39,"column":8},"end":{"line":41,"column":21}},"17":{"start":{"line":42,"column":8},"end":{"line":42,"column":29}},"18":{"start":{"line":43,"column":8},"end":{"line":43,"column":34}},"19":{"start":{"line":44,"column":8},"end":{"line":44,"column":67}},"20":{"start":{"line":45,"column":8},"end":{"line":45,"column":72}},"21":{"start":{"line":49,"column":0},"end":{"line":49,"column":51}}},"branchMap":{}},"src/dao/SettersGymsAccessDao.js":{"path":"src/dao/SettersGymsAccessDao.js","s":{"1":2,"2":2,"3":2,"4":2,"5":2,"6":2,"7":2,"8":1,"9":2,"10":2,"11":2},"b":{},"f":{"1":2,"2":2,"3":1,"4":2},"fnMap":{"1":{"name":"(anonymous_1)","line":15,"loc":{"start":{"line":15,"column":18},"end":{"line":15,"column":30}}},"2":{"name":"(anonymous_2)","line":18,"loc":{"start":{"line":18,"column":25},"end":{"line":18,"column":54}}},"3":{"name":"(anonymous_3)","line":26,"loc":{"start":{"line":26,"column":24},"end":{"line":26,"column":64}}},"4":{"name":"(anonymous_4)","line":34,"loc":{"start":{"line":34,"column":24},"end":{"line":34,"column":64}}}},"statementMap":{"1":{"start":{"line":11,"column":0},"end":{"line":11,"column":39}},"2":{"start":{"line":12,"column":0},"end":{"line":12,"column":41}},"3":{"start":{"line":13,"column":0},"end":{"line":13,"column":42}},"4":{"start":{"line":15,"column":0},"end":{"line":41,"column":2}},"5":{"start":{"line":18,"column":4},"end":{"line":24,"column":6}},"6":{"start":{"line":19,"column":8},"end":{"line":23,"column":10}},"7":{"start":{"line":26,"column":4},"end":{"line":32,"column":6}},"8":{"start":{"line":27,"column":8},"end":{"line":31,"column":10}},"9":{"start":{"line":34,"column":4},"end":{"line":40,"column":6}},"10":{"start":{"line":35,"column":8},"end":{"line":39,"column":10}},"11":{"start":{"line":43,"column":0},"end":{"line":43,"column":35}}},"branchMap":{}},"src/controllers/UsersController.js":{"path":"src/controllers/UsersController.js","s":{"1":1,"2":1,"3":1,"4":1,"5":1,"6":2,"7":2,"8":2,"9":2,"10":1,"11":2,"12":2,"13":1,"14":3,"15":3,"16":3,"17":3,"18":3,"19":1,"20":4,"21":4,"22":4,"23":4,"24":4,"25":4,"26":1,"27":2,"28":2,"29":2,"30":2,"31":1,"32":0,"33":0,"34":0,"35":1},"b":{},"f":{"1":1,"2":2,"3":2,"4":3,"5":4,"6":2,"7":0},"fnMap":{"1":{"name":"(anonymous_1)","line":18,"loc":{"start":{"line":18,"column":22},"end":{"line":18,"column":34}}},"2":{"name":"(anonymous_2)","line":21,"loc":{"start":{"line":21,"column":19},"end":{"line":21,"column":41}}},"3":{"name":"(anonymous_3)","line":29,"loc":{"start":{"line":29,"column":20},"end":{"line":29,"column":42}}},"4":{"name":"(anonymous_4)","line":34,"loc":{"start":{"line":34,"column":22},"end":{"line":34,"column":44}}},"5":{"name":"(anonymous_5)","line":44,"loc":{"start":{"line":44,"column":22},"end":{"line":44,"column":44}}},"6":{"name":"(anonymous_6)","line":56,"loc":{"start":{"line":56,"column":22},"end":{"line":56,"column":44}}},"7":{"name":"(anonymous_7)","line":64,"loc":{"start":{"line":64,"column":25},"end":{"line":64,"column":47}}}},"statementMap":{"1":{"start":{"line":14,"column":0},"end":{"line":14,"column":45}},"2":{"start":{"line":15,"column":0},"end":{"line":15,"column":47}},"3":{"start":{"line":16,"column":0},"end":{"line":16,"column":56}},"4":{"start":{"line":18,"column":0},"end":{"line":70,"column":2}},"5":{"start":{"line":21,"column":4},"end":{"line":27,"column":6}},"6":{"start":{"line":22,"column":8},"end":{"line":23,"column":21}},"7":{"start":{"line":24,"column":8},"end":{"line":24,"column":28}},"8":{"start":{"line":25,"column":8},"end":{"line":25,"column":67}},"9":{"start":{"line":26,"column":8},"end":{"line":26,"column":42}},"10":{"start":{"line":29,"column":4},"end":{"line":32,"column":6}},"11":{"start":{"line":30,"column":8},"end":{"line":30,"column":71}},"12":{"start":{"line":31,"column":8},"end":{"line":31,"column":39}},"13":{"start":{"line":34,"column":4},"end":{"line":42,"column":6}},"14":{"start":{"line":35,"column":8},"end":{"line":37,"column":21}},"15":{"start":{"line":38,"column":8},"end":{"line":38,"column":40}},"16":{"start":{"line":39,"column":8},"end":{"line":39,"column":38}},"17":{"start":{"line":40,"column":8},"end":{"line":40,"column":67}},"18":{"start":{"line":41,"column":8},"end":{"line":41,"column":62}},"19":{"start":{"line":44,"column":4},"end":{"line":54,"column":6}},"20":{"start":{"line":45,"column":8},"end":{"line":48,"column":21}},"21":{"start":{"line":49,"column":8},"end":{"line":49,"column":28}},"22":{"start":{"line":50,"column":8},"end":{"line":50,"column":40}},"23":{"start":{"line":51,"column":8},"end":{"line":51,"column":38}},"24":{"start":{"line":52,"column":8},"end":{"line":52,"column":67}},"25":{"start":{"line":53,"column":8},"end":{"line":53,"column":66}},"26":{"start":{"line":56,"column":4},"end":{"line":62,"column":6}},"27":{"start":{"line":57,"column":8},"end":{"line":58,"column":21}},"28":{"start":{"line":59,"column":8},"end":{"line":59,"column":28}},"29":{"start":{"line":60,"column":8},"end":{"line":60,"column":67}},"30":{"start":{"line":61,"column":8},"end":{"line":61,"column":45}},"31":{"start":{"line":64,"column":4},"end":{"line":69,"column":6}},"32":{"start":{"line":65,"column":8},"end":{"line":66,"column":21}},"33":{"start":{"line":67,"column":8},"end":{"line":67,"column":67}},"34":{"start":{"line":68,"column":8},"end":{"line":68,"column":62}},"35":{"start":{"line":72,"column":0},"end":{"line":72,"column":39}}},"branchMap":{}},"src/dao/UsersDao.js":{"path":"src/dao/UsersDao.js","s":{"1":2,"2":2,"3":2,"4":2,"5":2,"6":2,"7":2,"8":3,"9":2,"10":1,"11":2,"12":2,"13":2,"14":2,"15":2},"b":{},"f":{"1":2,"2":2,"3":3,"4":1,"5":2,"6":2},"fnMap":{"1":{"name":"(anonymous_1)","line":20,"loc":{"start":{"line":20,"column":15},"end":{"line":20,"column":27}}},"2":{"name":"(anonymous_2)","line":23,"loc":{"start":{"line":23,"column":19},"end":{"line":23,"column":45}}},"3":{"name":"(anonymous_3)","line":32,"loc":{"start":{"line":32,"column":20},"end":{"line":32,"column":41}}},"4":{"name":"(anonymous_4)","line":41,"loc":{"start":{"line":41,"column":22},"end":{"line":41,"column":78}}},"5":{"name":"(anonymous_5)","line":50,"loc":{"start":{"line":50,"column":22},"end":{"line":50,"column":71}}},"6":{"name":"(anonymous_6)","line":59,"loc":{"start":{"line":59,"column":22},"end":{"line":59,"column":48}}}},"statementMap":{"1":{"start":{"line":11,"column":0},"end":{"line":11,"column":39}},"2":{"start":{"line":12,"column":0},"end":{"line":12,"column":41}},"3":{"start":{"line":13,"column":0},"end":{"line":13,"column":42}},"4":{"start":{"line":20,"column":0},"end":{"line":67,"column":2}},"5":{"start":{"line":23,"column":4},"end":{"line":30,"column":6}},"6":{"start":{"line":24,"column":8},"end":{"line":29,"column":10}},"7":{"start":{"line":32,"column":4},"end":{"line":39,"column":6}},"8":{"start":{"line":33,"column":8},"end":{"line":38,"column":10}},"9":{"start":{"line":41,"column":4},"end":{"line":48,"column":6}},"10":{"start":{"line":42,"column":8},"end":{"line":47,"column":10}},"11":{"start":{"line":50,"column":4},"end":{"line":57,"column":6}},"12":{"start":{"line":51,"column":8},"end":{"line":56,"column":10}},"13":{"start":{"line":59,"column":4},"end":{"line":66,"column":6}},"14":{"start":{"line":60,"column":8},"end":{"line":65,"column":10}},"15":{"start":{"line":69,"column":0},"end":{"line":69,"column":32}}},"branchMap":{}},"src/controllers/WallsController.js":{"path":"src/controllers/WallsController.js","s":{"1":1,"2":1,"3":1,"4":1,"5":2,"6":2,"7":2,"8":2,"9":1,"10":3,"11":3,"12":3,"13":3,"14":3,"15":1,"16":3,"17":3,"18":3,"19":3,"20":3,"21":1,"22":2,"23":2,"24":2,"25":2,"26":1},"b":{},"f":{"1":1,"2":2,"3":3,"4":3,"5":2},"fnMap":{"1":{"name":"(anonymous_1)","line":17,"loc":{"start":{"line":17,"column":22},"end":{"line":17,"column":34}}},"2":{"name":"(anonymous_2)","line":20,"loc":{"start":{"line":20,"column":25},"end":{"line":20,"column":47}}},"3":{"name":"(anonymous_3)","line":28,"loc":{"start":{"line":28,"column":22},"end":{"line":28,"column":44}}},"4":{"name":"(anonymous_4)","line":38,"loc":{"start":{"line":38,"column":22},"end":{"line":38,"column":44}}},"5":{"name":"(anonymous_5)","line":48,"loc":{"start":{"line":48,"column":22},"end":{"line":48,"column":44}}}},"statementMap":{"1":{"start":{"line":14,"column":0},"end":{"line":14,"column":45}},"2":{"start":{"line":15,"column":0},"end":{"line":15,"column":56}},"3":{"start":{"line":17,"column":0},"end":{"line":55,"column":2}},"4":{"start":{"line":20,"column":4},"end":{"line":26,"column":6}},"5":{"start":{"line":21,"column":8},"end":{"line":22,"column":21}},"6":{"start":{"line":23,"column":8},"end":{"line":23,"column":34}},"7":{"start":{"line":24,"column":8},"end":{"line":24,"column":67}},"8":{"start":{"line":25,"column":8},"end":{"line":25,"column":51}},"9":{"start":{"line":28,"column":4},"end":{"line":36,"column":6}},"10":{"start":{"line":29,"column":8},"end":{"line":31,"column":21}},"11":{"start":{"line":32,"column":8},"end":{"line":32,"column":38}},"12":{"start":{"line":33,"column":8},"end":{"line":33,"column":36}},"13":{"start":{"line":34,"column":8},"end":{"line":34,"column":67}},"14":{"start":{"line":35,"column":8},"end":{"line":35,"column":58}},"15":{"start":{"line":38,"column":4},"end":{"line":46,"column":6}},"16":{"start":{"line":39,"column":8},"end":{"line":41,"column":21}},"17":{"start":{"line":42,"column":8},"end":{"line":42,"column":38}},"18":{"start":{"line":43,"column":8},"end":{"line":43,"column":36}},"19":{"start":{"line":44,"column":8},"end":{"line":44,"column":67}},"20":{"start":{"line":45,"column":8},"end":{"line":45,"column":59}},"21":{"start":{"line":48,"column":4},"end":{"line":54,"column":6}},"22":{"start":{"line":49,"column":8},"end":{"line":50,"column":21}},"23":{"start":{"line":51,"column":8},"end":{"line":51,"column":36}},"24":{"start":{"line":52,"column":8},"end":{"line":52,"column":67}},"25":{"start":{"line":53,"column":8},"end":{"line":53,"column":49}},"26":{"start":{"line":57,"column":0},"end":{"line":57,"column":39}}},"branchMap":{}},"src/dao/WallsDao.js":{"path":"src/dao/WallsDao.js","s":{"1":2,"2":2,"3":2,"4":2,"5":2,"6":3,"7":2,"8":1,"9":2,"10":2,"11":2,"12":2,"13":2},"b":{},"f":{"1":2,"2":3,"3":1,"4":2,"5":2},"fnMap":{"1":{"name":"(anonymous_1)","line":20,"loc":{"start":{"line":20,"column":15},"end":{"line":20,"column":27}}},"2":{"name":"(anonymous_2)","line":23,"loc":{"start":{"line":23,"column":25},"end":{"line":23,"column":54}}},"3":{"name":"(anonymous_3)","line":32,"loc":{"start":{"line":32,"column":22},"end":{"line":32,"column":58}}},"4":{"name":"(anonymous_4)","line":41,"loc":{"start":{"line":41,"column":22},"end":{"line":41,"column":55}}},"5":{"name":"(anonymous_5)","line":50,"loc":{"start":{"line":50,"column":22},"end":{"line":50,"column":48}}}},"statementMap":{"1":{"start":{"line":11,"column":0},"end":{"line":11,"column":39}},"2":{"start":{"line":12,"column":0},"end":{"line":12,"column":41}},"3":{"start":{"line":13,"column":0},"end":{"line":13,"column":42}},"4":{"start":{"line":20,"column":0},"end":{"line":59,"column":2}},"5":{"start":{"line":23,"column":4},"end":{"line":30,"column":6}},"6":{"start":{"line":24,"column":8},"end":{"line":29,"column":10}},"7":{"start":{"line":32,"column":4},"end":{"line":39,"column":6}},"8":{"start":{"line":33,"column":8},"end":{"line":38,"column":10}},"9":{"start":{"line":41,"column":4},"end":{"line":48,"column":6}},"10":{"start":{"line":42,"column":8},"end":{"line":47,"column":10}},"11":{"start":{"line":50,"column":4},"end":{"line":57,"column":6}},"12":{"start":{"line":51,"column":8},"end":{"line":56,"column":10}},"13":{"start":{"line":61,"column":0},"end":{"line":61,"column":32}}},"branchMap":{}},"src/dao/GymsDao.js":{"path":"src/dao/GymsDao.js","s":{"1":1,"2":1,"3":1,"4":1,"5":1,"6":2,"7":1,"8":3,"9":1,"10":1,"11":1,"12":2,"13":1,"14":2,"15":1},"b":{},"f":{"1":1,"2":2,"3":3,"4":1,"5":2,"6":2},"fnMap":{"1":{"name":"(anonymous_1)","line":20,"loc":{"start":{"line":20,"column":14},"end":{"line":20,"column":26}}},"2":{"name":"(anonymous_2)","line":30,"loc":{"start":{"line":30,"column":18},"end":{"line":30,"column":44}}},"3":{"name":"(anonymous_3)","line":45,"loc":{"start":{"line":45,"column":19},"end":{"line":45,"column":40}}},"4":{"name":"(anonymous_4)","line":62,"loc":{"start":{"line":62,"column":21},"end":{"line":62,"column":71}}},"5":{"name":"(anonymous_5)","line":80,"loc":{"start":{"line":80,"column":21},"end":{"line":80,"column":64}}},"6":{"name":"(anonymous_6)","line":96,"loc":{"start":{"line":96,"column":21},"end":{"line":96,"column":47}}}},"statementMap":{"1":{"start":{"line":11,"column":0},"end":{"line":11,"column":39}},"2":{"start":{"line":12,"column":0},"end":{"line":12,"column":41}},"3":{"start":{"line":13,"column":0},"end":{"line":13,"column":42}},"4":{"start":{"line":20,"column":0},"end":{"line":104,"column":2}},"5":{"start":{"line":30,"column":4},"end":{"line":37,"column":6}},"6":{"start":{"line":31,"column":8},"end":{"line":36,"column":10}},"7":{"start":{"line":45,"column":4},"end":{"line":52,"column":6}},"8":{"start":{"line":46,"column":8},"end":{"line":51,"column":10}},"9":{"start":{"line":62,"column":4},"end":{"line":69,"column":6}},"10":{"start":{"line":63,"column":8},"end":{"line":68,"column":10}},"11":{"start":{"line":80,"column":4},"end":{"line":87,"column":6}},"12":{"start":{"line":81,"column":8},"end":{"line":86,"column":10}},"13":{"start":{"line":96,"column":4},"end":{"line":103,"column":6}},"14":{"start":{"line":97,"column":8},"end":{"line":102,"column":10}},"15":{"start":{"line":106,"column":0},"end":{"line":106,"column":31}}},"branchMap":{}}}