TN:
SF:src/controllers/GradesController.js
FN:17,(anonymous_1)
FN:25,(anonymous_2)
FN:35,(anonymous_3)
FNF:3
FNH:3
FNDA:1,(anonymous_1)
FNDA:2,(anonymous_2)
FNDA:2,(anonymous_3)
DA:14,1
DA:15,1
DA:17,1
DA:25,1
DA:26,2
DA:27,2
DA:35,1
DA:36,2
DA:37,2
DA:41,1
LF:10
LH:10
BRF:0
BRH:0
end_of_record
TN:
SF:src/dao/GradesDao.js
FN:20,(anonymous_1)
FN:29,(anonymous_2)
FN:43,(anonymous_3)
FNF:3
FNH:3
FNDA:2,(anonymous_1)
FNDA:1,(anonymous_2)
FNDA:1,(anonymous_3)
DA:11,2
DA:12,2
DA:13,2
DA:20,2
DA:29,2
DA:30,1
DA:43,2
DA:44,1
DA:52,2
LF:9
LH:9
BRF:0
BRH:0
end_of_record
TN:
SF:src/DBConnection.js
FN:11,(anonymous_1)
FNF:1
FNH:1
FNDA:1,(anonymous_1)
DA:9,1
DA:11,1
DA:14,1
DA:15,1
DA:18,0
DA:20,0
DA:26,0
DA:28,0
DA:31,1
LF:9
LH:5
BRDA:14,1,0,1
BRDA:14,1,1,0
BRF:2
BRH:1
end_of_record
TN:
SF:src/Messages.js
FN:14,(anonymous_1)
FNF:1
FNH:1
FNDA:1,(anonymous_1)
DA:14,1
DA:17,1
DA:18,1
DA:21,1
LF:4
LH:4
BRF:0
BRH:0
end_of_record
TN:
SF:src/dao/DaoHelper.js
FN:21,(anonymous_1)
FN:24,(anonymous_2)
FN:25,(anonymous_3)
FNF:3
FNH:3
FNDA:2,(anonymous_1)
FNDA:4,(anonymous_2)
FNDA:3,(anonymous_3)
DA:9,2
DA:10,2
DA:21,2
DA:24,2
DA:25,4
DA:26,3
DA:27,2
DA:29,1
DA:35,2
LF:9
LH:9
BRDA:26,1,0,2
BRDA:26,1,1,1
BRDA:26,2,0,3
BRDA:26,2,1,2
BRF:4
BRH:4
end_of_record
TN:
SF:src/controllers/ControllerHelper.js
FN:21,(anonymous_1)
FN:30,(anonymous_2)
FN:31,(anonymous_3)
FNF:3
FNH:3
FNDA:1,(anonymous_1)
FNDA:4,(anonymous_2)
FNDA:2,(anonymous_3)
DA:9,1
DA:10,1
DA:21,1
DA:30,1
DA:31,4
DA:32,2
DA:37,1
LF:7
LH:7
BRF:0
BRH:0
end_of_record
