TN:
SF:src/controllers/GradesController.js
FN:17,(anonymous_1)
FN:25,(anonymous_2)
FN:35,(anonymous_3)
FNF:3
FNH:3
FNDA:1,(anonymous_1)
FNDA:2,(anonymous_2)
FNDA:2,(anonymous_3)
DA:14,1
DA:15,1
DA:17,1
DA:25,1
DA:26,2
DA:27,2
DA:35,1
DA:36,2
DA:37,2
DA:41,1
LF:10
LH:10
BRF:0
BRH:0
end_of_record
TN:
SF:src/dao/GradesDao.js
FN:20,(anonymous_1)
FN:29,(anonymous_2)
FN:43,(anonymous_3)
FNF:3
FNH:3
FNDA:2,(anonymous_1)
FNDA:1,(anonymous_2)
FNDA:1,(anonymous_3)
DA:11,2
DA:12,2
DA:13,2
DA:20,2
DA:29,2
DA:30,1
DA:43,2
DA:44,1
DA:52,2
LF:9
LH:9
BRF:0
BRH:0
end_of_record
TN:
SF:src/DBConnection.js
FN:11,(anonymous_1)
FNF:1
FNH:1
FNDA:1,(anonymous_1)
DA:9,1
DA:11,1
DA:14,1
DA:15,1
DA:18,0
DA:20,0
DA:26,0
DA:28,0
DA:31,1
LF:9
LH:5
BRDA:14,1,0,1
BRDA:14,1,1,0
BRF:2
BRH:1
end_of_record
TN:
SF:src/Messages.js
FN:14,(anonymous_1)
FNF:1
FNH:1
FNDA:1,(anonymous_1)
DA:14,1
DA:17,1
DA:18,1
DA:21,1
LF:4
LH:4
BRF:0
BRH:0
end_of_record
TN:
SF:src/dao/DaoHelper.js
FN:21,(anonymous_1)
FN:24,(anonymous_2)
FN:25,(anonymous_3)
FNF:3
FNH:3
FNDA:2,(anonymous_1)
FNDA:4,(anonymous_2)
FNDA:3,(anonymous_3)
DA:9,2
DA:10,2
DA:21,2
DA:24,2
DA:25,4
DA:26,3
DA:27,2
DA:29,1
DA:35,2
LF:9
LH:9
BRDA:26,1,0,2
BRDA:26,1,1,1
BRDA:26,2,0,3
BRDA:26,2,1,2
BRF:4
BRH:4
end_of_record
TN:
SF:src/controllers/ControllerHelper.js
FN:21,(anonymous_1)
FN:30,(anonymous_2)
FN:31,(anonymous_3)
FNF:3
FNH:3
FNDA:1,(anonymous_1)
FNDA:17,(anonymous_2)
FNDA:7,(anonymous_3)
DA:9,1
DA:10,1
DA:21,1
DA:30,1
DA:31,17
DA:32,7
DA:37,1
LF:7
LH:7
BRF:0
BRH:0
end_of_record
TN:
SF:src/controllers/GymsController.js
FN:17,(anonymous_1)
FN:20,(anonymous_2)
FN:28,(anonymous_3)
FN:33,(anonymous_4)
FN:43,(anonymous_5)
FN:55,(anonymous_6)
FNF:6
FNH:6
FNDA:1,(anonymous_1)
FNDA:2,(anonymous_2)
FNDA:2,(anonymous_3)
FNDA:3,(anonymous_4)
FNDA:4,(anonymous_5)
FNDA:2,(anonymous_6)
DA:14,1
DA:15,1
DA:17,1
DA:20,1
DA:21,2
DA:23,2
DA:24,2
DA:25,2
DA:28,1
DA:29,2
DA:30,2
DA:33,1
DA:34,3
DA:37,3
DA:38,3
DA:39,3
DA:40,3
DA:43,1
DA:44,4
DA:48,4
DA:49,4
DA:50,4
DA:51,4
DA:52,4
DA:55,1
DA:56,2
DA:58,2
DA:59,2
DA:60,2
DA:64,1
LF:30
LH:30
BRF:0
BRH:0
end_of_record
TN:
SF:src/dao/GymsDao.js
FN:20,(anonymous_1)
FN:30,(anonymous_2)
FN:44,(anonymous_3)
FN:60,(anonymous_4)
FN:77,(anonymous_5)
FN:92,(anonymous_6)
FNF:6
FNH:6
FNDA:1,(anonymous_1)
FNDA:2,(anonymous_2)
FNDA:3,(anonymous_3)
FNDA:1,(anonymous_4)
FNDA:2,(anonymous_5)
FNDA:2,(anonymous_6)
DA:11,1
DA:12,1
DA:13,1
DA:20,1
DA:30,1
DA:31,2
DA:44,1
DA:45,3
DA:60,1
DA:61,1
DA:77,1
DA:78,2
DA:92,1
DA:93,2
DA:101,1
LF:15
LH:15
BRF:0
BRH:0
end_of_record
TN:
SF:src/dao/UsersDao.js
FN:20,(anonymous_1)
FN:23,(anonymous_2)
FN:31,(anonymous_3)
FN:39,(anonymous_4)
FN:47,(anonymous_5)
FN:55,(anonymous_6)
FNF:6
FNH:6
FNDA:1,(anonymous_1)
FNDA:2,(anonymous_2)
FNDA:3,(anonymous_3)
FNDA:1,(anonymous_4)
FNDA:2,(anonymous_5)
FNDA:2,(anonymous_6)
DA:11,1
DA:12,1
DA:13,1
DA:20,1
DA:23,1
DA:24,2
DA:31,1
DA:32,3
DA:39,1
DA:40,1
DA:47,1
DA:48,2
DA:55,1
DA:56,2
DA:64,1
LF:15
LH:15
BRF:0
BRH:0
end_of_record
